c:\users\sam\desktop\biohazard engine 2.0\debug\biohazard engine 2.0.lib
c:\users\sam\desktop\biohazard engine 2.0\debug\biohazard engine 2.0.exp
c:\users\sam\desktop\biohazard engine 2.0\biohazard engine 2.0\debug\vc140.pdb
c:\users\sam\desktop\biohazard engine 2.0\biohazard engine 2.0\debug\vc140.idb
c:\users\sam\desktop\biohazard engine 2.0\biohazard engine 2.0\debug\buffermanager.obj
c:\users\sam\desktop\biohazard engine 2.0\biohazard engine 2.0\debug\eventhandler.obj
c:\users\sam\desktop\biohazard engine 2.0\biohazard engine 2.0\debug\input.obj
c:\users\sam\desktop\biohazard engine 2.0\biohazard engine 2.0\debug\main.obj
c:\users\sam\desktop\biohazard engine 2.0\biohazard engine 2.0\debug\screenmanager.obj
c:\users\sam\desktop\biohazard engine 2.0\biohazard engine 2.0\debug\shadermanager.obj
c:\users\sam\desktop\biohazard engine 2.0\biohazard engine 2.0\debug\player.obj
c:\users\sam\desktop\biohazard engine 2.0\biohazard engine 2.0\debug\texturemanager.obj
c:\users\sam\desktop\biohazard engine 2.0\debug\biohazard engine 2.0.ilk
c:\users\sam\desktop\biohazard engine 2.0\debug\biohazard engine 2.0.exe
c:\users\sam\desktop\biohazard engine 2.0\debug\biohazard engine 2.0.pdb
c:\users\sam\desktop\biohazard engine 2.0\biohazard engine 2.0\debug\test.obj
c:\users\sam\desktop\biohazard engine 2.0\biohazard engine 2.0\debug\main.new.obj.enc
c:\users\sam\desktop\biohazard engine 2.0\biohazard engine 2.0\debug\player.obj.enc
c:\users\sam\desktop\biohazard engine 2.0\biohazard engine 2.0\debug\screenmanager.obj.enc
c:\users\sam\desktop\biohazard engine 2.0\biohazard engine 2.0\debug\biohazar.4ea218b8.tlog\biohazard engine 2.0.write.1u.tlog
c:\users\sam\desktop\biohazard engine 2.0\biohazard engine 2.0\debug\biohazar.4ea218b8.tlog\cl.command.1.tlog
c:\users\sam\desktop\biohazard engine 2.0\biohazard engine 2.0\debug\biohazar.4ea218b8.tlog\cl.read.1.tlog
c:\users\sam\desktop\biohazard engine 2.0\biohazard engine 2.0\debug\biohazar.4ea218b8.tlog\cl.write.1.tlog
c:\users\sam\desktop\biohazard engine 2.0\biohazard engine 2.0\debug\biohazar.4ea218b8.tlog\link.command.1.tlog
c:\users\sam\desktop\biohazard engine 2.0\biohazard engine 2.0\debug\biohazar.4ea218b8.tlog\link.read.1.tlog
c:\users\sam\desktop\biohazard engine 2.0\biohazard engine 2.0\debug\biohazar.4ea218b8.tlog\link.write.1.tlog
