  Floor.cpp
Floor.cpp(174): warning C4244: '=': conversion from 'double' to 'float', possible loss of data
Floor.cpp(176): warning C4244: '=': conversion from 'double' to 'float', possible loss of data
Floor.cpp(178): warning C4244: '=': conversion from 'double' to 'float', possible loss of data
Floor.cpp(180): warning C4244: '=': conversion from 'double' to 'float', possible loss of data
Floor.cpp(184): warning C4244: '=': conversion from 'double' to 'float', possible loss of data
Floor.cpp(186): warning C4244: '=': conversion from 'double' to 'float', possible loss of data
Floor.cpp(188): warning C4244: '=': conversion from 'double' to 'float', possible loss of data
Floor.cpp(190): warning C4244: '=': conversion from 'double' to 'float', possible loss of data
  Main.cpp
Main.cpp(133): warning C4244: '=': conversion from 'double' to 'GLfloat', possible loss of data
Main.cpp(160): warning C4018: '<': signed/unsigned mismatch
Main.cpp(163): warning C4305: 'argument': truncation from 'double' to 'GLfloat'
Main.cpp(173): warning C4018: '<': signed/unsigned mismatch
  Scene.cpp
Scene.cpp(16): warning C4305: 'initializing': truncation from 'double' to 'GLfloat'
Scene.cpp(119): warning C4018: '<': signed/unsigned mismatch
Scene.cpp(128): warning C4018: '<': signed/unsigned mismatch
  Generating code
  51 of 888 functions ( 5.7%) were compiled, the rest were copied from previous compilation.
    0 functions were new in current compilation
    94 functions had inline decision re-evaluated but remain unchanged
  Finished generating code
  BioHazard Engine 2.0.vcxproj -> C:\Users\Sam\Desktop\Current Projects\LWB\BioHazard Engine 2.0\Release\BioHazard Engine 2.0.exe
  BioHazard Engine 2.0.vcxproj -> C:\Users\Sam\Desktop\Current Projects\LWB\BioHazard Engine 2.0\Release\BioHazard Engine 2.0.pdb (Full PDB)
